<?xml version="1.0" encoding="UTF-8"?>
<!-- Generated by org.testng.reporters.JUnitReportReporter -->
<testsuite skipped="0" hostname="XTV-HSHOLAPUR" name="testcase.makemytrip" tests="1" failures="0" timestamp="03 Jun 2020 05:31:50 GMT" time="35.497" errors="0">
  <testcase name="maketrip" time="35.497" classname="testcase.makemytrip"/>
</testsuite> <!-- testcase.makemytrip -->
